0 info it worked if it ends with ok
1 verbose cli [ '/usr/local/Cellar/node/6.1.0/bin/node',
1 verbose cli   '/usr/local/bin/npm',
1 verbose cli   'run',
1 verbose cli   'up' ]
2 info using npm@3.10.6
3 info using node@v6.1.0
4 verbose run-script [ 'preup', 'up', 'postup' ]
5 info lifecycle taganize@1.1.1~preup: taganize@1.1.1
6 silly lifecycle taganize@1.1.1~preup: no script for preup, continuing
7 info lifecycle taganize@1.1.1~up: taganize@1.1.1
8 verbose lifecycle taganize@1.1.1~up: unsafe-perm in lifecycle true
9 verbose lifecycle taganize@1.1.1~up: PATH: /usr/local/lib/node_modules/npm/bin/node-gyp-bin:/Users/timofeiborovkov/Desktop/Taganize/Mobile-app-master/node_modules/.bin:/usr/local/Cellar/node/6.1.0/bin:/usr/local/bin:/usr/bin:/bin:/usr/sbin:/sbin:/usr/local/go/bin:/Users/timofeiborovkov/.rvm/bin
10 verbose lifecycle taganize@1.1.1~up: CWD: /Users/timofeiborovkov/Desktop/Taganize/Mobile-app-master
11 silly lifecycle taganize@1.1.1~up: Args: [ '-c', 'git add .; git commit -m \'update\'; git push;' ]
12 silly lifecycle taganize@1.1.1~up: Returned: code: 128  signal: null
13 info lifecycle taganize@1.1.1~up: Failed to exec up script
14 verbose stack Error: taganize@1.1.1 up: `git add .; git commit -m 'update'; git push;`
14 verbose stack Exit status 128
14 verbose stack     at EventEmitter.<anonymous> (/usr/local/lib/node_modules/npm/lib/utils/lifecycle.js:255:16)
14 verbose stack     at emitTwo (events.js:106:13)
14 verbose stack     at EventEmitter.emit (events.js:191:7)
14 verbose stack     at ChildProcess.<anonymous> (/usr/local/lib/node_modules/npm/lib/utils/spawn.js:40:14)
14 verbose stack     at emitTwo (events.js:106:13)
14 verbose stack     at ChildProcess.emit (events.js:191:7)
14 verbose stack     at maybeClose (internal/child_process.js:850:16)
14 verbose stack     at Process.ChildProcess._handle.onexit (internal/child_process.js:215:5)
15 verbose pkgid taganize@1.1.1
16 verbose cwd /Users/timofeiborovkov/Desktop/Taganize/Mobile-app-master
17 error Darwin 15.6.0
18 error argv "/usr/local/Cellar/node/6.1.0/bin/node" "/usr/local/bin/npm" "run" "up"
19 error node v6.1.0
20 error npm  v3.10.6
21 error code ELIFECYCLE
22 error taganize@1.1.1 up: `git add .; git commit -m 'update'; git push;`
22 error Exit status 128
23 error Failed at the taganize@1.1.1 up script 'git add .; git commit -m 'update'; git push;'.
23 error Make sure you have the latest version of node.js and npm installed.
23 error If you do, this is most likely a problem with the taganize package,
23 error not with npm itself.
23 error Tell the author that this fails on your system:
23 error     git add .; git commit -m 'update'; git push;
23 error You can get information on how to open an issue for this project with:
23 error     npm bugs taganize
23 error Or if that isn't available, you can get their info via:
23 error     npm owner ls taganize
23 error There is likely additional logging output above.
24 verbose exit [ 1, true ]
